/home/sugar/robotic_arm_ws/install/lwr_description/lib/python3.10/site-packages/lwr_description/__init__.py
/home/sugar/robotic_arm_ws/install/lwr_description/lib/python3.10/site-packages/lwr_description/__pycache__/__init__.cpython-310.pyc
/home/sugar/robotic_arm_ws/install/lwr_description/share/ament_index/resource_index/packages/lwr_description
/home/sugar/robotic_arm_ws/install/lwr_description/share/lwr_description/package.xml
/home/sugar/robotic_arm_ws/install/lwr_description/share/lwr_description/launch/display.launch.py
/home/sugar/robotic_arm_ws/install/lwr_description/share/lwr_description/model/kuka_lwr.urdf.xacro
/home/sugar/robotic_arm_ws/install/lwr_description/share/lwr_description/rviz/lwr_config.rviz
/home/sugar/robotic_arm_ws/install/lwr_description/share/lwr_description/meshes/link_6.dae
/home/sugar/robotic_arm_ws/install/lwr_description/share/lwr_description/meshes/base.dae
/home/sugar/robotic_arm_ws/install/lwr_description/share/lwr_description/meshes/link_7.dae
/home/sugar/robotic_arm_ws/install/lwr_description/share/lwr_description/meshes/link_2.dae
/home/sugar/robotic_arm_ws/install/lwr_description/share/lwr_description/meshes/link_3.dae
/home/sugar/robotic_arm_ws/install/lwr_description/share/lwr_description/meshes/link_1.dae
/home/sugar/robotic_arm_ws/install/lwr_description/share/lwr_description/meshes/link_4.dae
/home/sugar/robotic_arm_ws/install/lwr_description/share/lwr_description/meshes/link_5.dae
/home/sugar/robotic_arm_ws/install/lwr_description/lib/python3.10/site-packages/lwr_description-0.0.0-py3.10.egg-info/requires.txt
/home/sugar/robotic_arm_ws/install/lwr_description/lib/python3.10/site-packages/lwr_description-0.0.0-py3.10.egg-info/SOURCES.txt
/home/sugar/robotic_arm_ws/install/lwr_description/lib/python3.10/site-packages/lwr_description-0.0.0-py3.10.egg-info/dependency_links.txt
/home/sugar/robotic_arm_ws/install/lwr_description/lib/python3.10/site-packages/lwr_description-0.0.0-py3.10.egg-info/entry_points.txt
/home/sugar/robotic_arm_ws/install/lwr_description/lib/python3.10/site-packages/lwr_description-0.0.0-py3.10.egg-info/zip-safe
/home/sugar/robotic_arm_ws/install/lwr_description/lib/python3.10/site-packages/lwr_description-0.0.0-py3.10.egg-info/top_level.txt
/home/sugar/robotic_arm_ws/install/lwr_description/lib/python3.10/site-packages/lwr_description-0.0.0-py3.10.egg-info/PKG-INFO
