running egg_info
creating ../../../build/lwr_description/lwr_description.egg-info
writing ../../../build/lwr_description/lwr_description.egg-info/PKG-INFO
writing dependency_links to ../../../build/lwr_description/lwr_description.egg-info/dependency_links.txt
writing entry points to ../../../build/lwr_description/lwr_description.egg-info/entry_points.txt
writing requirements to ../../../build/lwr_description/lwr_description.egg-info/requires.txt
writing top-level names to ../../../build/lwr_description/lwr_description.egg-info/top_level.txt
writing manifest file '../../../build/lwr_description/lwr_description.egg-info/SOURCES.txt'
reading manifest file '../../../build/lwr_description/lwr_description.egg-info/SOURCES.txt'
writing manifest file '../../../build/lwr_description/lwr_description.egg-info/SOURCES.txt'
running build
running build_py
creating /home/sugar/robotic_arm_ws/build/lwr_description/build
creating /home/sugar/robotic_arm_ws/build/lwr_description/build/lib
creating /home/sugar/robotic_arm_ws/build/lwr_description/build/lib/lwr_description
copying lwr_description/__init__.py -> /home/sugar/robotic_arm_ws/build/lwr_description/build/lib/lwr_description
running install
running install_lib
creating /home/sugar/robotic_arm_ws/install/lwr_description/lib/python3.10/site-packages/lwr_description
copying /home/sugar/robotic_arm_ws/build/lwr_description/build/lib/lwr_description/__init__.py -> /home/sugar/robotic_arm_ws/install/lwr_description/lib/python3.10/site-packages/lwr_description
byte-compiling /home/sugar/robotic_arm_ws/install/lwr_description/lib/python3.10/site-packages/lwr_description/__init__.py to __init__.cpython-310.pyc
running install_data
creating /home/sugar/robotic_arm_ws/install/lwr_description/share/ament_index
creating /home/sugar/robotic_arm_ws/install/lwr_description/share/ament_index/resource_index
creating /home/sugar/robotic_arm_ws/install/lwr_description/share/ament_index/resource_index/packages
copying resource/lwr_description -> /home/sugar/robotic_arm_ws/install/lwr_description/share/ament_index/resource_index/packages
copying package.xml -> /home/sugar/robotic_arm_ws/install/lwr_description/share/lwr_description
creating /home/sugar/robotic_arm_ws/install/lwr_description/share/lwr_description/launch
copying launch/display.launch.py -> /home/sugar/robotic_arm_ws/install/lwr_description/share/lwr_description/launch
creating /home/sugar/robotic_arm_ws/install/lwr_description/share/lwr_description/model
copying model/kuka_lwr.urdf.xacro -> /home/sugar/robotic_arm_ws/install/lwr_description/share/lwr_description/model
creating /home/sugar/robotic_arm_ws/install/lwr_description/share/lwr_description/rviz
copying rviz/lwr_config.rviz -> /home/sugar/robotic_arm_ws/install/lwr_description/share/lwr_description/rviz
creating /home/sugar/robotic_arm_ws/install/lwr_description/share/lwr_description/meshes
copying meshes/link_6.dae -> /home/sugar/robotic_arm_ws/install/lwr_description/share/lwr_description/meshes
copying meshes/base.dae -> /home/sugar/robotic_arm_ws/install/lwr_description/share/lwr_description/meshes
copying meshes/link_7.dae -> /home/sugar/robotic_arm_ws/install/lwr_description/share/lwr_description/meshes
copying meshes/link_2.dae -> /home/sugar/robotic_arm_ws/install/lwr_description/share/lwr_description/meshes
copying meshes/link_3.dae -> /home/sugar/robotic_arm_ws/install/lwr_description/share/lwr_description/meshes
copying meshes/link_1.dae -> /home/sugar/robotic_arm_ws/install/lwr_description/share/lwr_description/meshes
copying meshes/link_4.dae -> /home/sugar/robotic_arm_ws/install/lwr_description/share/lwr_description/meshes
copying meshes/link_5.dae -> /home/sugar/robotic_arm_ws/install/lwr_description/share/lwr_description/meshes
running install_egg_info
Copying ../../../build/lwr_description/lwr_description.egg-info to /home/sugar/robotic_arm_ws/install/lwr_description/lib/python3.10/site-packages/lwr_description-0.0.0-py3.10.egg-info
running install_scripts
writing list of installed files to '/home/sugar/robotic_arm_ws/build/lwr_description/install.log'
