[0.420s] Invoking command in '/home/sugar/robotic_arm_ws/src/kuka_lwr4plus_urdf/lwr_description': PYTHONPATH=/home/sugar/robotic_arm_ws/build/lwr_description/prefix_override:/usr/lib/python3/dist-packages/colcon_core/task/python/colcon_distutils_commands:/home/sugar/robotic_arm_ws/install/lwr_description/lib/python3.10/site-packages:${PYTHONPATH} /usr/bin/python3 -W ignore:setup.py install is deprecated -W ignore:easy_install command is deprecated setup.py egg_info --egg-base ../../../build/lwr_description build --build-base /home/sugar/robotic_arm_ws/build/lwr_description/build install --record /home/sugar/robotic_arm_ws/build/lwr_description/install.log --single-version-externally-managed install_data
[0.532s] running egg_info
[0.532s] creating ../../../build/lwr_description/lwr_description.egg-info
[0.532s] writing ../../../build/lwr_description/lwr_description.egg-info/PKG-INFO
[0.532s] writing dependency_links to ../../../build/lwr_description/lwr_description.egg-info/dependency_links.txt
[0.532s] writing entry points to ../../../build/lwr_description/lwr_description.egg-info/entry_points.txt
[0.532s] writing requirements to ../../../build/lwr_description/lwr_description.egg-info/requires.txt
[0.533s] writing top-level names to ../../../build/lwr_description/lwr_description.egg-info/top_level.txt
[0.533s] writing manifest file '../../../build/lwr_description/lwr_description.egg-info/SOURCES.txt'
[0.533s] reading manifest file '../../../build/lwr_description/lwr_description.egg-info/SOURCES.txt'
[0.534s] writing manifest file '../../../build/lwr_description/lwr_description.egg-info/SOURCES.txt'
[0.534s] running build
[0.534s] running build_py
[0.534s] creating /home/sugar/robotic_arm_ws/build/lwr_description/build
[0.534s] creating /home/sugar/robotic_arm_ws/build/lwr_description/build/lib
[0.534s] creating /home/sugar/robotic_arm_ws/build/lwr_description/build/lib/lwr_description
[0.534s] copying lwr_description/__init__.py -> /home/sugar/robotic_arm_ws/build/lwr_description/build/lib/lwr_description
[0.534s] running install
[0.534s] running install_lib
[0.535s] creating /home/sugar/robotic_arm_ws/install/lwr_description/lib/python3.10/site-packages/lwr_description
[0.535s] copying /home/sugar/robotic_arm_ws/build/lwr_description/build/lib/lwr_description/__init__.py -> /home/sugar/robotic_arm_ws/install/lwr_description/lib/python3.10/site-packages/lwr_description
[0.535s] byte-compiling /home/sugar/robotic_arm_ws/install/lwr_description/lib/python3.10/site-packages/lwr_description/__init__.py to __init__.cpython-310.pyc
[0.535s] running install_data
[0.535s] creating /home/sugar/robotic_arm_ws/install/lwr_description/share/ament_index
[0.536s] creating /home/sugar/robotic_arm_ws/install/lwr_description/share/ament_index/resource_index
[0.536s] creating /home/sugar/robotic_arm_ws/install/lwr_description/share/ament_index/resource_index/packages
[0.536s] copying resource/lwr_description -> /home/sugar/robotic_arm_ws/install/lwr_description/share/ament_index/resource_index/packages
[0.536s] copying package.xml -> /home/sugar/robotic_arm_ws/install/lwr_description/share/lwr_description
[0.536s] creating /home/sugar/robotic_arm_ws/install/lwr_description/share/lwr_description/launch
[0.536s] copying launch/display.launch.py -> /home/sugar/robotic_arm_ws/install/lwr_description/share/lwr_description/launch
[0.536s] creating /home/sugar/robotic_arm_ws/install/lwr_description/share/lwr_description/model
[0.536s] copying model/kuka_lwr.urdf.xacro -> /home/sugar/robotic_arm_ws/install/lwr_description/share/lwr_description/model
[0.536s] creating /home/sugar/robotic_arm_ws/install/lwr_description/share/lwr_description/rviz
[0.536s] copying rviz/lwr_config.rviz -> /home/sugar/robotic_arm_ws/install/lwr_description/share/lwr_description/rviz
[0.536s] creating /home/sugar/robotic_arm_ws/install/lwr_description/share/lwr_description/meshes
[0.536s] copying meshes/link_6.dae -> /home/sugar/robotic_arm_ws/install/lwr_description/share/lwr_description/meshes
[0.537s] copying meshes/base.dae -> /home/sugar/robotic_arm_ws/install/lwr_description/share/lwr_description/meshes
[0.537s] copying meshes/link_7.dae -> /home/sugar/robotic_arm_ws/install/lwr_description/share/lwr_description/meshes
[0.537s] copying meshes/link_2.dae -> /home/sugar/robotic_arm_ws/install/lwr_description/share/lwr_description/meshes
[0.537s] copying meshes/link_3.dae -> /home/sugar/robotic_arm_ws/install/lwr_description/share/lwr_description/meshes
[0.537s] copying meshes/link_1.dae -> /home/sugar/robotic_arm_ws/install/lwr_description/share/lwr_description/meshes
[0.537s] copying meshes/link_4.dae -> /home/sugar/robotic_arm_ws/install/lwr_description/share/lwr_description/meshes
[0.538s] copying meshes/link_5.dae -> /home/sugar/robotic_arm_ws/install/lwr_description/share/lwr_description/meshes
[0.538s] running install_egg_info
[0.539s] Copying ../../../build/lwr_description/lwr_description.egg-info to /home/sugar/robotic_arm_ws/install/lwr_description/lib/python3.10/site-packages/lwr_description-0.0.0-py3.10.egg-info
[0.539s] running install_scripts
[0.551s] writing list of installed files to '/home/sugar/robotic_arm_ws/build/lwr_description/install.log'
[0.564s] Invoked command in '/home/sugar/robotic_arm_ws/src/kuka_lwr4plus_urdf/lwr_description' returned '0': PYTHONPATH=/home/sugar/robotic_arm_ws/build/lwr_description/prefix_override:/usr/lib/python3/dist-packages/colcon_core/task/python/colcon_distutils_commands:/home/sugar/robotic_arm_ws/install/lwr_description/lib/python3.10/site-packages:${PYTHONPATH} /usr/bin/python3 -W ignore:setup.py install is deprecated -W ignore:easy_install command is deprecated setup.py egg_info --egg-base ../../../build/lwr_description build --build-base /home/sugar/robotic_arm_ws/build/lwr_description/build install --record /home/sugar/robotic_arm_ws/build/lwr_description/install.log --single-version-externally-managed install_data
